2020-11-05 00:32:35 [ERROR] - "uncaughtException: Sequelize is not defined\nReferenceError: Sequelize is not defined\n    at module.exports (C:\\Users\\82109\\PNU_CCM\\pnu-swedu-ccm\\src\\models\\problem.js:5:13)\n    at Sequelize.import (C:\\Users\\82109\\PNU_CCM\\pnu-swedu-ccm\\node_modules\\sequelize\\lib\\sequelize.js:496:38)\n    at C:\\Users\\82109\\PNU_CCM\\pnu-swedu-ccm\\src\\models\\index.js:29:35\n    at Array.forEach (<anonymous>)\n    at Object.<anonymous> (C:\\Users\\82109\\PNU_CCM\\pnu-swedu-ccm\\src\\models\\index.js:28:4)\n    at Module._compile (internal/modules/cjs/loader.js:1063:30)\n    at Object.Module._extensions..js (internal/modules/cjs/loader.js:1092:10)\n    at Module.load (internal/modules/cjs/loader.js:928:32)\n    at Function.Module._load (internal/modules/cjs/loader.js:769:14)\n    at Module.require (internal/modules/cjs/loader.js:952:19)\n    at require (internal/modules/cjs/helpers.js:88:18)\n    at Object.<anonymous> (C:\\Users\\82109\\PNU_CCM\\pnu-swedu-ccm\\app.js:2:12)\n    at Module._compile (internal/modules/cjs/loader.js:1063:30)\n    at Object.Module._extensions..js (internal/modules/cjs/loader.js:1092:10)\n    at Module.load (internal/modules/cjs/loader.js:928:32)\n    at Function.Module._load (internal/modules/cjs/loader.js:769:14)\n    at Function.executeUserEntryPoint [as runMain] (internal/modules/run_main.js:72:12)\n    at internal/main/run_main_module.js:17:47"
2020-11-05 00:35:05 [ERROR] - "uncaughtException: sequelize.STRING is not a function\nTypeError: sequelize.STRING is not a function\n    at module.exports (C:\\Users\\82109\\PNU_CCM\\pnu-swedu-ccm\\src\\models\\problem.js:10:23)\n    at Sequelize.import (C:\\Users\\82109\\PNU_CCM\\pnu-swedu-ccm\\node_modules\\sequelize\\lib\\sequelize.js:496:38)\n    at C:\\Users\\82109\\PNU_CCM\\pnu-swedu-ccm\\src\\models\\index.js:29:35\n    at Array.forEach (<anonymous>)\n    at Object.<anonymous> (C:\\Users\\82109\\PNU_CCM\\pnu-swedu-ccm\\src\\models\\index.js:28:4)\n    at Module._compile (internal/modules/cjs/loader.js:1063:30)\n    at Object.Module._extensions..js (internal/modules/cjs/loader.js:1092:10)\n    at Module.load (internal/modules/cjs/loader.js:928:32)\n    at Function.Module._load (internal/modules/cjs/loader.js:769:14)\n    at Module.require (internal/modules/cjs/loader.js:952:19)\n    at require (internal/modules/cjs/helpers.js:88:18)\n    at Object.<anonymous> (C:\\Users\\82109\\PNU_CCM\\pnu-swedu-ccm\\app.js:2:12)\n    at Module._compile (internal/modules/cjs/loader.js:1063:30)\n    at Object.Module._extensions..js (internal/modules/cjs/loader.js:1092:10)\n    at Module.load (internal/modules/cjs/loader.js:928:32)\n    at Function.Module._load (internal/modules/cjs/loader.js:769:14)\n    at Function.executeUserEntryPoint [as runMain] (internal/modules/run_main.js:72:12)\n    at internal/main/run_main_module.js:17:47"
2020-11-05 00:36:25 [ERROR] - "uncaughtException: sequelize.STRING is not a function\nTypeError: sequelize.STRING is not a function\n    at module.exports (C:\\Users\\82109\\PNU_CCM\\pnu-swedu-ccm\\src\\models\\problem.js:10:23)\n    at Sequelize.import (C:\\Users\\82109\\PNU_CCM\\pnu-swedu-ccm\\node_modules\\sequelize\\lib\\sequelize.js:496:38)\n    at C:\\Users\\82109\\PNU_CCM\\pnu-swedu-ccm\\src\\models\\index.js:29:35\n    at Array.forEach (<anonymous>)\n    at Object.<anonymous> (C:\\Users\\82109\\PNU_CCM\\pnu-swedu-ccm\\src\\models\\index.js:28:4)\n    at Module._compile (internal/modules/cjs/loader.js:1063:30)\n    at Object.Module._extensions..js (internal/modules/cjs/loader.js:1092:10)\n    at Module.load (internal/modules/cjs/loader.js:928:32)\n    at Function.Module._load (internal/modules/cjs/loader.js:769:14)\n    at Module.require (internal/modules/cjs/loader.js:952:19)\n    at require (internal/modules/cjs/helpers.js:88:18)\n    at Object.<anonymous> (C:\\Users\\82109\\PNU_CCM\\pnu-swedu-ccm\\app.js:2:12)\n    at Module._compile (internal/modules/cjs/loader.js:1063:30)\n    at Object.Module._extensions..js (internal/modules/cjs/loader.js:1092:10)\n    at Module.load (internal/modules/cjs/loader.js:928:32)\n    at Function.Module._load (internal/modules/cjs/loader.js:769:14)\n    at Function.executeUserEntryPoint [as runMain] (internal/modules/run_main.js:72:12)\n    at internal/main/run_main_module.js:17:47"
2020-11-05 00:40:48 [ERROR] - "uncaughtException: Unrecognized datatype for attribute \"problem.createdAt\"\nError: Unrecognized datatype for attribute \"problem.createdAt\"\n    at C:\\Users\\82109\\PNU_CCM\\pnu-swedu-ccm\\node_modules\\sequelize\\lib\\model.js:1007:15\n    at C:\\Users\\82109\\PNU_CCM\\pnu-swedu-ccm\\node_modules\\lodash\\lodash.js:13427:38\n    at C:\\Users\\82109\\PNU_CCM\\pnu-swedu-ccm\\node_modules\\lodash\\lodash.js:4925:15\n    at baseForOwn (C:\\Users\\82109\\PNU_CCM\\pnu-swedu-ccm\\node_modules\\lodash\\lodash.js:2990:24)\n    at Function.mapValues (C:\\Users\\82109\\PNU_CCM\\pnu-swedu-ccm\\node_modules\\lodash\\lodash.js:13426:7)\n    at Function.init (C:\\Users\\82109\\PNU_CCM\\pnu-swedu-ccm\\node_modules\\sequelize\\lib\\model.js:1003:28)\n    at Sequelize.define (C:\\Users\\82109\\PNU_CCM\\pnu-swedu-ccm\\node_modules\\sequelize\\lib\\sequelize.js:438:11)\n    at module.exports (C:\\Users\\82109\\PNU_CCM\\pnu-swedu-ccm\\src\\models\\problem.js:3:29)\n    at Sequelize.import (C:\\Users\\82109\\PNU_CCM\\pnu-swedu-ccm\\node_modules\\sequelize\\lib\\sequelize.js:496:38)\n    at C:\\Users\\82109\\PNU_CCM\\pnu-swedu-ccm\\src\\models\\index.js:29:35\n    at Array.forEach (<anonymous>)\n    at Object.<anonymous> (C:\\Users\\82109\\PNU_CCM\\pnu-swedu-ccm\\src\\models\\index.js:28:4)\n    at Module._compile (internal/modules/cjs/loader.js:1063:30)\n    at Object.Module._extensions..js (internal/modules/cjs/loader.js:1092:10)\n    at Module.load (internal/modules/cjs/loader.js:928:32)\n    at Function.Module._load (internal/modules/cjs/loader.js:769:14)\n    at Module.require (internal/modules/cjs/loader.js:952:19)\n    at require (internal/modules/cjs/helpers.js:88:18)\n    at Object.<anonymous> (C:\\Users\\82109\\PNU_CCM\\pnu-swedu-ccm\\app.js:2:12)\n    at Module._compile (internal/modules/cjs/loader.js:1063:30)\n    at Object.Module._extensions..js (internal/modules/cjs/loader.js:1092:10)\n    at Module.load (internal/modules/cjs/loader.js:928:32)"
2020-11-05 02:27:45 [INFO] - "database connected"
2020-11-05 02:27:45 [INFO] - "App listening on PORT 5000"
2020-11-05 02:28:29 [ERROR] - "UNHANDLED REJECTION! 💥 Shutting down..."
2020-11-05 03:23:44 [INFO] - "database connected"
2020-11-05 03:23:44 [INFO] - "App listening on PORT 5000"
2020-11-05 03:24:14 [ERROR] - "UNHANDLED REJECTION! 💥 Shutting down..."
2020-11-05 03:35:27 [INFO] - "database connected"
2020-11-05 03:35:27 [INFO] - "App listening on PORT 5000"
2020-11-05 03:37:49 [INFO] - "database connected"
2020-11-05 03:37:49 [INFO] - "App listening on PORT 5000"
2020-11-05 03:41:14 [ERROR] - "UNHANDLED REJECTION! 💥 Shutting down..."
2020-11-05 04:06:57 [INFO] - "database connected"
2020-11-05 04:06:57 [INFO] - "App listening on PORT 5000"
2020-11-05 04:06:58 [ERROR] - "UNHANDLED REJECTION! 💥 Shutting down..."
2020-11-05 04:07:11 [INFO] - "database connected"
2020-11-05 04:07:11 [INFO] - "App listening on PORT 5000"
2020-11-05 04:08:07 [INFO] - "database connected"
2020-11-05 04:08:07 [INFO] - "App listening on PORT 5000"
2020-11-05 04:12:36 [ERROR] - "UNHANDLED REJECTION! 💥 Shutting down..."
2020-11-05 04:16:23 [INFO] - "database connected"
2020-11-05 04:16:23 [INFO] - "App listening on PORT 5000"
2020-11-05 04:16:30 [ERROR] - "UNHANDLED REJECTION! 💥 Shutting down..."
2020-11-05 04:21:28 [INFO] - "database connected"
2020-11-05 04:21:28 [INFO] - "App listening on PORT 5000"
2020-11-05 04:21:44 [ERROR] - "UNHANDLED REJECTION! 💥 Shutting down..."
2020-11-05 09:54:57 [INFO] - "database connected"
2020-11-05 09:54:57 [INFO] - "App listening on PORT 5000"
2020-11-05 09:55:04 [ERROR] - "UNHANDLED REJECTION! 💥 Shutting down..."
2020-11-05 10:50:47 [INFO] - "database connected"
2020-11-05 10:50:47 [INFO] - "App listening on PORT 5000"
2020-11-05 10:50:55 [ERROR] - "UNHANDLED REJECTION! 💥 Shutting down..."
2020-11-05 10:51:13 [INFO] - "database connected"
2020-11-05 10:51:13 [INFO] - "App listening on PORT 5000"
2020-11-05 10:54:38 [INFO] - "database connected"
2020-11-05 10:54:38 [INFO] - "App listening on PORT 5000"
2020-11-05 11:00:03 [INFO] - "database connected"
2020-11-05 11:00:03 [INFO] - "App listening on PORT 5000"
2020-11-05 11:03:07 [INFO] - "database connected"
2020-11-05 11:03:07 [INFO] - "App listening on PORT 5000"
2020-11-05 11:23:30 [INFO] - "database connected"
2020-11-05 11:23:30 [INFO] - "App listening on PORT 5000"
2020-11-05 11:23:55 [INFO] - "database connected"
2020-11-05 11:23:55 [INFO] - "App listening on PORT 5000"
2020-11-05 11:24:03 [INFO] - "database connected"
2020-11-05 11:24:03 [INFO] - "App listening on PORT 5000"
2020-11-05 11:24:19 [INFO] - "database connected"
2020-11-05 11:24:19 [INFO] - "App listening on PORT 5000"
2020-11-05 11:26:30 [INFO] - "database connected"
2020-11-05 11:26:30 [INFO] - "App listening on PORT 5000"
2020-11-05 11:28:50 [INFO] - "database connected"
2020-11-05 11:28:50 [INFO] - "App listening on PORT 5000"
2020-11-05 11:29:25 [INFO] - "database connected"
2020-11-05 11:29:25 [INFO] - "App listening on PORT 5000"
2020-11-05 11:29:52 [INFO] - "database connected"
2020-11-05 11:29:52 [INFO] - "App listening on PORT 5000"
2020-11-05 11:31:34 [INFO] - "database connected"
2020-11-05 11:31:34 [INFO] - "App listening on PORT 5000"
2020-11-05 11:31:43 [ERROR] - "UNHANDLED REJECTION! 💥 Shutting down..."
2020-11-05 11:34:07 [INFO] - "database connected"
2020-11-05 11:34:07 [INFO] - "App listening on PORT 5000"
2020-11-05 11:35:00 [INFO] - "database connected"
2020-11-05 11:35:00 [INFO] - "App listening on PORT 5000"
2020-11-05 11:35:08 [INFO] - "database connected"
2020-11-05 11:35:08 [INFO] - "App listening on PORT 5000"
2020-11-05 11:35:31 [INFO] - "database connected"
2020-11-05 11:35:31 [INFO] - "App listening on PORT 5000"
2020-11-05 11:35:44 [INFO] - "database connected"
2020-11-05 11:35:45 [INFO] - "App listening on PORT 5000"
2020-11-05 11:35:58 [INFO] - "database connected"
2020-11-05 11:35:59 [INFO] - "App listening on PORT 5000"
2020-11-05 11:36:14 [INFO] - "database connected"
2020-11-05 11:36:14 [INFO] - "App listening on PORT 5000"
2020-11-05 11:36:29 [ERROR] - "UNHANDLED REJECTION! 💥 Shutting down..."
2020-11-05 11:37:57 [INFO] - "database connected"
2020-11-05 11:37:57 [INFO] - "App listening on PORT 5000"
2020-11-05 11:38:22 [ERROR] - "UNHANDLED REJECTION! 💥 Shutting down..."
2020-11-05 11:39:59 [INFO] - "database connected"
2020-11-05 11:39:59 [INFO] - "App listening on PORT 5000"
2020-11-05 11:43:26 [ERROR] - "UNHANDLED REJECTION! 💥 Shutting down..."
2020-11-05 12:01:47 [INFO] - "database connected"
2020-11-05 12:01:47 [INFO] - "App listening on PORT 5000"
2020-11-05 12:02:13 [INFO] - "database connected"
2020-11-05 12:02:13 [INFO] - "App listening on PORT 5000"
2020-11-05 12:02:54 [INFO] - "database connected"
2020-11-05 12:02:54 [INFO] - "App listening on PORT 5000"
2020-11-05 12:05:31 [INFO] - "database connected"
2020-11-05 12:05:31 [INFO] - "App listening on PORT 5000"
2020-11-05 12:06:43 [INFO] - "database connected"
2020-11-05 12:06:43 [INFO] - "App listening on PORT 5000"
2020-11-05 12:07:15 [INFO] - "database connected"
2020-11-05 12:07:15 [INFO] - "App listening on PORT 5000"
2020-11-05 12:07:30 [ERROR] - "UNHANDLED REJECTION! 💥 Shutting down..."
2020-11-05 15:15:48 [INFO] - "database connected"
2020-11-05 15:15:48 [INFO] - "App listening on PORT 5000"
2020-11-05 15:16:07 [ERROR] - "UNHANDLED REJECTION! 💥 Shutting down..."
2020-11-05 15:32:37 [INFO] - "database connected"
2020-11-05 15:32:37 [INFO] - "App listening on PORT 5000"
2020-11-05 15:32:38 [ERROR] - "UNHANDLED REJECTION! 💥 Shutting down..."
2020-11-05 15:35:30 [INFO] - "database connected"
2020-11-05 15:35:30 [INFO] - "App listening on PORT 5000"
2020-11-05 15:35:43 [ERROR] - "UNHANDLED REJECTION! 💥 Shutting down..."
2020-11-05 15:36:06 [INFO] - "database connected"
2020-11-05 15:36:06 [INFO] - "App listening on PORT 5000"
2020-11-05 15:38:17 [INFO] - "database connected"
2020-11-05 15:38:17 [INFO] - "App listening on PORT 5000"
2020-11-05 15:38:34 [INFO] - "database connected"
2020-11-05 15:38:34 [INFO] - "App listening on PORT 5000"
2020-11-05 15:38:40 [ERROR] - "UNHANDLED REJECTION! 💥 Shutting down..."
2020-11-05 15:38:54 [INFO] - "database connected"
2020-11-05 15:38:54 [INFO] - "App listening on PORT 5000"
2020-11-05 15:38:54 [ERROR] - "UNHANDLED REJECTION! 💥 Shutting down..."
2020-11-05 15:39:08 [INFO] - "database connected"
2020-11-05 15:39:08 [INFO] - "App listening on PORT 5000"
2020-11-05 15:39:14 [INFO] - "database connected"
2020-11-05 15:39:14 [INFO] - "App listening on PORT 5000"
2020-11-05 15:39:22 [INFO] - "database connected"
2020-11-05 15:39:22 [INFO] - "App listening on PORT 5000"
2020-11-05 15:39:28 [ERROR] - "UNHANDLED REJECTION! 💥 Shutting down..."
2020-11-05 15:39:42 [INFO] - "database connected"
2020-11-05 15:39:42 [INFO] - "App listening on PORT 5000"
2020-11-05 15:40:41 [INFO] - "database connected"
2020-11-05 15:40:41 [INFO] - "App listening on PORT 5000"
2020-11-05 15:41:16 [INFO] - "database connected"
2020-11-05 15:41:16 [INFO] - "App listening on PORT 5000"
2020-11-05 15:41:23 [ERROR] - "UNHANDLED REJECTION! 💥 Shutting down..."
2020-11-05 15:42:29 [INFO] - "database connected"
2020-11-05 15:42:29 [INFO] - "App listening on PORT 5000"
2020-11-05 15:42:47 [INFO] - "database connected"
2020-11-05 15:42:47 [INFO] - "App listening on PORT 5000"
2020-11-05 15:43:01 [INFO] - "database connected"
2020-11-05 15:43:01 [INFO] - "App listening on PORT 5000"
2020-11-05 15:43:16 [ERROR] - "UNHANDLED REJECTION! 💥 Shutting down..."
2020-11-05 15:43:37 [INFO] - "database connected"
2020-11-05 15:43:37 [INFO] - "App listening on PORT 5000"
2020-11-05 15:45:01 [INFO] - "database connected"
2020-11-05 15:45:01 [INFO] - "App listening on PORT 5000"
2020-11-05 15:45:09 [ERROR] - "UNHANDLED REJECTION! 💥 Shutting down..."
2020-11-05 15:48:05 [INFO] - "database connected"
2020-11-05 15:48:05 [INFO] - "App listening on PORT 5000"
2020-11-05 15:48:08 [ERROR] - "UNHANDLED REJECTION! 💥 Shutting down..."
2020-11-05 15:54:06 [INFO] - "database connected"
2020-11-05 15:54:06 [INFO] - "App listening on PORT 5000"
2020-11-05 15:54:09 [ERROR] - "UNHANDLED REJECTION! 💥 Shutting down..."
2020-11-05 16:02:27 [INFO] - "database connected"
2020-11-05 16:02:27 [INFO] - "App listening on PORT 5000"
2020-11-05 16:03:52 [INFO] - "database connected"
2020-11-05 16:03:52 [INFO] - "App listening on PORT 5000"
2020-11-05 16:04:00 [ERROR] - "UNHANDLED REJECTION! 💥 Shutting down..."
2020-11-05 16:04:58 [INFO] - "database connected"
2020-11-05 16:04:58 [INFO] - "App listening on PORT 5000"
2020-11-05 16:10:59 [INFO] - "database connected"
2020-11-05 16:10:59 [INFO] - "App listening on PORT 5000"
2020-11-05 16:20:56 [INFO] - "database connected"
2020-11-05 16:20:56 [INFO] - "App listening on PORT 5000"
2020-11-05 16:21:14 [INFO] - "database connected"
2020-11-05 16:21:14 [INFO] - "App listening on PORT 5000"
2020-11-05 18:06:13 [INFO] - "database connected"
2020-11-05 18:06:13 [INFO] - "App listening on PORT 5000"
2020-11-05 18:09:56 [INFO] - "database connected 127.0.0.1"
2020-11-05 18:09:56 [INFO] - "App listening on PORT 5000"
2020-11-05 18:10:18 [INFO] - "database connected 127.0.0.1"
2020-11-05 18:10:18 [INFO] - "App listening on PORT 5000"
2020-11-05 18:10:51 [INFO] - "database connected 0.0.0.0"
2020-11-05 18:10:51 [INFO] - "App listening on PORT 5000"
2020-11-05 18:11:26 [INFO] - "database connected 127.0.0.1"
2020-11-05 18:11:26 [INFO] - "App listening on PORT 5000"
2020-11-05 18:12:30 [INFO] - "database connected 127.0.0.1"
2020-11-05 18:12:30 [INFO] - "App listening on PORT 5000"
2020-11-05 18:15:53 [INFO] - "database connected 127.0.0.1"
2020-11-05 18:15:53 [INFO] - "App listening on PORT 5000"
2020-11-05 18:21:41 [INFO] - "database connected 127.0.0.1"
2020-11-05 18:21:41 [INFO] - "App listening on PORT 5000"
2020-11-05 18:21:52 [INFO] - "database connected 127.0.0.1"
2020-11-05 18:21:52 [INFO] - "App listening on PORT 5000"
2020-11-05 18:23:50 [INFO] - "database connected 127.0.0.1"
2020-11-05 18:23:50 [INFO] - "App listening on PORT 5000"
2020-11-05 18:26:19 [INFO] - "database connected 127.0.0.1"
2020-11-05 18:26:19 [INFO] - "App listening on PORT 5000"
2020-11-05 18:27:11 [INFO] - "database connected 127.0.0.1"
2020-11-05 18:27:11 [INFO] - "App listening on PORT 5000"
2020-11-05 18:45:52 [INFO] - "database connected 127.0.0.1"
2020-11-05 18:45:52 [INFO] - "App listening on PORT 5000"
2020-11-05 18:49:02 [INFO] - "database connected 127.0.0.1"
2020-11-05 18:49:02 [INFO] - "App listening on PORT 5000"
2020-11-05 19:06:20 [INFO] - "database connected 127.0.0.1"
2020-11-05 19:06:20 [INFO] - "App listening on PORT 5000"
2020-11-05 20:05:20 [INFO] - "database connected 127.0.0.1"
2020-11-05 20:05:20 [INFO] - "App listening on PORT 5000"
2020-11-05 20:05:43 [ERROR] - "UNHANDLED REJECTION! 💥 Shutting down..."
2020-11-05 20:07:57 [INFO] - "database connected 127.0.0.1"
2020-11-05 20:07:57 [INFO] - "App listening on PORT 5000"
2020-11-05 20:09:09 [INFO] - "database connected 127.0.0.1"
2020-11-05 20:09:09 [INFO] - "App listening on PORT 5000"
2020-11-05 20:21:43 [ERROR] - "UNHANDLED REJECTION! 💥 Shutting down..."
2020-11-05 20:23:49 [INFO] - "database connected 127.0.0.1"
2020-11-05 20:23:49 [INFO] - "App listening on PORT 5000"
2020-11-05 20:23:54 [INFO] - "database connected 127.0.0.1"
2020-11-05 20:23:54 [INFO] - "App listening on PORT 5000"
2020-11-05 20:24:24 [ERROR] - "UNHANDLED REJECTION! 💥 Shutting down..."
2020-11-05 20:27:55 [INFO] - "database connected 127.0.0.1"
2020-11-05 20:27:55 [INFO] - "App listening on PORT 5000"
2020-11-05 20:28:19 [ERROR] - "UNHANDLED REJECTION! 💥 Shutting down..."
2020-11-05 20:30:46 [INFO] - "database connected 127.0.0.1"
2020-11-05 20:30:46 [INFO] - "App listening on PORT 5000"
2020-11-05 20:31:11 [INFO] - "database connected 127.0.0.1"
2020-11-05 20:31:11 [INFO] - "App listening on PORT 5000"
2020-11-05 20:35:15 [INFO] - "database connected 127.0.0.1"
2020-11-05 20:35:15 [INFO] - "App listening on PORT 5000"
2020-11-05 20:35:27 [ERROR] - "UNHANDLED REJECTION! 💥 Shutting down..."
2020-11-05 20:35:44 [INFO] - "database connected 127.0.0.1"
2020-11-05 20:35:44 [INFO] - "App listening on PORT 5000"
2020-11-05 20:50:21 [INFO] - "database connected 127.0.0.1"
2020-11-05 20:50:21 [INFO] - "App listening on PORT 5000"
2020-11-05 21:03:02 [INFO] - "database connected 127.0.0.1"
2020-11-05 21:03:02 [INFO] - "App listening on PORT 5000"
2020-11-05 22:04:26 [INFO] - "database connected 127.0.0.1"
2020-11-05 22:04:26 [INFO] - "App listening on PORT 5000"
2020-11-05 22:30:53 [INFO] - "database connected 127.0.0.1"
2020-11-05 22:30:53 [INFO] - "App listening on PORT 5000"
